<?xml version="1.0" encoding="UTF-8" ?>
<testsuite tests="12" failures="0" name="cz.muni.fi.pb162.hw01.impl.SmartUrlTest" time="1.271" errors="0" skipped="0">
  <properties>
    <property name="java.runtime.name" value="OpenJDK Runtime Environment"/>
    <property name="java.vm.version" value="11.0.4+11-post-Ubuntu-1ubuntu218.04.3"/>
    <property name="sun.boot.library.path" value="/usr/lib/jvm/java-11-openjdk-amd64/lib"/>
    <property name="maven.multiModuleProjectDirectory" value="/home/smejkap/pb162/2019-hw01-url"/>
    <property name="java.vm.vendor" value="Ubuntu"/>
    <property name="java.vendor.url" value="https://ubuntu.com/"/>
    <property name="guice.disable.misplaced.annotation.check" value="true"/>
    <property name="path.separator" value=":"/>
    <property name="java.vm.name" value="OpenJDK 64-Bit Server VM"/>
    <property name="sun.os.patch.level" value="unknown"/>
    <property name="user.country" value="CZ"/>
    <property name="sun.java.launcher" value="SUN_STANDARD"/>
    <property name="java.vm.specification.name" value="Java Virtual Machine Specification"/>
    <property name="user.dir" value="/home/smejkap/pb162/2019-hw01-url"/>
    <property name="java.vm.compressedOopsMode" value="32-bit"/>
    <property name="java.runtime.version" value="11.0.4+11-post-Ubuntu-1ubuntu218.04.3"/>
    <property name="java.awt.graphicsenv" value="sun.awt.X11GraphicsEnvironment"/>
    <property name="os.arch" value="amd64"/>
    <property name="java.io.tmpdir" value="/tmp"/>
    <property name="line.separator" value="
"/>
    <property name="java.vm.specification.vendor" value="Oracle Corporation"/>
    <property name="os.name" value="Linux"/>
    <property name="maven.ext.class.path" value="/opt/idea-IU-192.6603.28/plugins/maven/lib/maven-event-listener.jar"/>
    <property name="classworlds.conf" value="/opt/idea-IU-192.6603.28/plugins/maven/lib/maven3/bin/m2.conf"/>
    <property name="sun.jnu.encoding" value="UTF-8"/>
    <property name="java.library.path" value="/usr/java/packages/lib:/usr/lib/x86_64-linux-gnu/jni:/lib/x86_64-linux-gnu:/usr/lib/x86_64-linux-gnu:/usr/lib/jni:/lib:/usr/lib"/>
    <property name="maven.conf" value="/opt/idea-IU-192.6603.28/plugins/maven/lib/maven3/conf"/>
    <property name="jdk.debug" value="release"/>
    <property name="java.class.version" value="55.0"/>
    <property name="java.specification.name" value="Java Platform API Specification"/>
    <property name="sun.management.compiler" value="HotSpot 64-Bit Tiered Compilers"/>
    <property name="os.version" value="5.0.0-31-generic"/>
    <property name="user.home" value="/home/smejkap"/>
    <property name="user.timezone" value="Europe/Prague"/>
    <property name="java.awt.printerjob" value="sun.print.PSPrinterJob"/>
    <property name="file.encoding" value="UTF-8"/>
    <property name="java.specification.version" value="11"/>
    <property name="user.name" value="smejkap"/>
    <property name="java.class.path" value="/opt/idea-IU-192.6603.28/plugins/maven/lib/maven3/boot/plexus-classworlds-2.6.0.jar"/>
    <property name="idea.version2019.2.2" value="true"/>
    <property name="java.vm.specification.version" value="11"/>
    <property name="sun.arch.data.model" value="64"/>
    <property name="sun.java.command" value="org.codehaus.classworlds.Launcher -Didea.version2019.2.2 install"/>
    <property name="java.home" value="/usr/lib/jvm/java-11-openjdk-amd64"/>
    <property name="user.language" value="cs"/>
    <property name="java.specification.vendor" value="Oracle Corporation"/>
    <property name="awt.toolkit" value="sun.awt.X11.XToolkit"/>
    <property name="java.vm.info" value="mixed mode, sharing"/>
    <property name="java.version" value="11.0.4"/>
    <property name="securerandom.source" value="file:/dev/./urandom"/>
    <property name="java.vendor" value="Ubuntu"/>
    <property name="maven.home" value="/opt/idea-IU-192.6603.28/plugins/maven/lib/maven3"/>
    <property name="file.separator" value="/"/>
    <property name="java.version.date" value="2019-07-16"/>
    <property name="java.vendor.url.bug" value="https://bugs.launchpad.net/ubuntu/+source/openjdk-lts"/>
    <property name="sun.io.unicode.encoding" value="UnicodeLittle"/>
    <property name="sun.cpu.endian" value="little"/>
    <property name="sun.desktop" value="gnome"/>
    <property name="sun.cpu.isalist" value=""/>
  </properties>
  <testcase classname="cz.muni.fi.pb162.hw01.impl.SmartUrlTest" name="shouldNotHaveFragment" time="0.799"/>
  <testcase classname="cz.muni.fi.pb162.hw01.impl.SmartUrlTest" name="shouldHaveFragment" time="0.001"/>
  <testcase classname="cz.muni.fi.pb162.hw01.impl.SmartUrlTest" name="shouldStripTrailingSlash" time="0.075"/>
  <testcase classname="cz.muni.fi.pb162.hw01.impl.SmartUrlTest" name="shouldHavePath" time="0.002"/>
  <testcase classname="cz.muni.fi.pb162.hw01.impl.SmartUrlTest" name="shouldHaveNormalizedQuery" time="0.002"/>
  <testcase classname="cz.muni.fi.pb162.hw01.impl.SmartUrlTest" name="shouldHaveProtocol" time="0.002"/>
  <testcase classname="cz.muni.fi.pb162.hw01.impl.SmartUrlTest" name="shouldHaveDefaultPort" time="0.264"/>
  <testcase classname="cz.muni.fi.pb162.hw01.impl.SmartUrlTest" name="shouldNotBeEqualUrls" time="0.108"/>
  <testcase classname="cz.muni.fi.pb162.hw01.impl.SmartUrlTest" name="shouldBeEqualUrls" time="0.008"/>
  <testcase classname="cz.muni.fi.pb162.hw01.impl.SmartUrlTest" name="shouldNotHaveQuery" time="0.001"/>
  <testcase classname="cz.muni.fi.pb162.hw01.impl.SmartUrlTest" name="shouldNotHavePath" time="0.002"/>
  <testcase classname="cz.muni.fi.pb162.hw01.impl.SmartUrlTest" name="shouldHaveQuery" time="0.007"/>
</testsuite>